<?xml version="1.0" encoding="UTF-8"?>
<testsuite xmlns:xsi="http://www.w3.org/2001/XMLSchema-instance" xsi:noNamespaceSchemaLocation="https://maven.apache.org/surefire/maven-surefire-plugin/xsd/surefire-test-report-3.0.xsd" version="3.0" name="at.fhj.iit.CalculatorImplTest" time="0.245" tests="20" errors="0" skipped="0" failures="0">
  <properties>
    <property name="sun.desktop" value="gnome"/>
    <property name="awt.toolkit" value="sun.awt.X11.XToolkit"/>
    <property name="java.specification.version" value="11"/>
    <property name="sun.cpu.isalist" value=""/>
    <property name="sun.jnu.encoding" value="UTF-8"/>
    <property name="java.class.path" value="/home/dominik/Konfigurationsmanagment/Calculator_20210503/target/test-classes:/home/dominik/Konfigurationsmanagment/Calculator_20210503/target/classes:/home/dominik/.m2/repository/org/junit/jupiter/junit-jupiter/5.7.0-M1/junit-jupiter-5.7.0-M1.jar:/home/dominik/.m2/repository/org/junit/jupiter/junit-jupiter-api/5.7.0-M1/junit-jupiter-api-5.7.0-M1.jar:/home/dominik/.m2/repository/org/apiguardian/apiguardian-api/1.1.0/apiguardian-api-1.1.0.jar:/home/dominik/.m2/repository/org/opentest4j/opentest4j/1.2.0/opentest4j-1.2.0.jar:/home/dominik/.m2/repository/org/junit/platform/junit-platform-commons/1.7.0-M1/junit-platform-commons-1.7.0-M1.jar:/home/dominik/.m2/repository/org/junit/jupiter/junit-jupiter-engine/5.7.0-M1/junit-jupiter-engine-5.7.0-M1.jar:/home/dominik/.m2/repository/org/junit/platform/junit-platform-engine/1.7.0-M1/junit-platform-engine-1.7.0-M1.jar:/home/dominik/.m2/repository/org/junit/jupiter/junit-jupiter-params/5.7.0-M1/junit-jupiter-params-5.7.0-M1.jar:"/>
    <property name="java.vm.vendor" value="Ubuntu"/>
    <property name="sun.arch.data.model" value="64"/>
    <property name="java.vendor.url" value="https://ubuntu.com/"/>
    <property name="user.timezone" value=""/>
    <property name="java.vm.specification.version" value="11"/>
    <property name="os.name" value="Linux"/>
    <property name="sun.java.launcher" value="SUN_STANDARD"/>
    <property name="user.country" value="US"/>
    <property name="sun.boot.library.path" value="/usr/lib/jvm/java-11-openjdk-amd64/lib"/>
    <property name="sun.java.command" value="/home/dominik/Konfigurationsmanagment/Calculator_20210503/target/surefire/surefirebooter14988206660279943474.jar /home/dominik/Konfigurationsmanagment/Calculator_20210503/target/surefire 2021-05-03T16-04-56_869-jvmRun1 surefire8113050994690412939tmp surefire_013452502396798139400tmp"/>
    <property name="jdk.debug" value="release"/>
    <property name="surefire.test.class.path" value="/home/dominik/Konfigurationsmanagment/Calculator_20210503/target/test-classes:/home/dominik/Konfigurationsmanagment/Calculator_20210503/target/classes:/home/dominik/.m2/repository/org/junit/jupiter/junit-jupiter/5.7.0-M1/junit-jupiter-5.7.0-M1.jar:/home/dominik/.m2/repository/org/junit/jupiter/junit-jupiter-api/5.7.0-M1/junit-jupiter-api-5.7.0-M1.jar:/home/dominik/.m2/repository/org/apiguardian/apiguardian-api/1.1.0/apiguardian-api-1.1.0.jar:/home/dominik/.m2/repository/org/opentest4j/opentest4j/1.2.0/opentest4j-1.2.0.jar:/home/dominik/.m2/repository/org/junit/platform/junit-platform-commons/1.7.0-M1/junit-platform-commons-1.7.0-M1.jar:/home/dominik/.m2/repository/org/junit/jupiter/junit-jupiter-engine/5.7.0-M1/junit-jupiter-engine-5.7.0-M1.jar:/home/dominik/.m2/repository/org/junit/platform/junit-platform-engine/1.7.0-M1/junit-platform-engine-1.7.0-M1.jar:/home/dominik/.m2/repository/org/junit/jupiter/junit-jupiter-params/5.7.0-M1/junit-jupiter-params-5.7.0-M1.jar:"/>
    <property name="sun.cpu.endian" value="little"/>
    <property name="user.home" value="/home/dominik"/>
    <property name="user.language" value="en"/>
    <property name="java.specification.vendor" value="Oracle Corporation"/>
    <property name="java.version.date" value="2021-04-20"/>
    <property name="java.home" value="/usr/lib/jvm/java-11-openjdk-amd64"/>
    <property name="file.separator" value="/"/>
    <property name="basedir" value="/home/dominik/Konfigurationsmanagment/Calculator_20210503"/>
    <property name="java.vm.compressedOopsMode" value="32-bit"/>
    <property name="line.separator" value="&#10;"/>
    <property name="java.specification.name" value="Java Platform API Specification"/>
    <property name="java.vm.specification.vendor" value="Oracle Corporation"/>
    <property name="java.awt.graphicsenv" value="sun.awt.X11GraphicsEnvironment"/>
    <property name="surefire.real.class.path" value="/home/dominik/Konfigurationsmanagment/Calculator_20210503/target/surefire/surefirebooter14988206660279943474.jar"/>
    <property name="sun.management.compiler" value="HotSpot 64-Bit Tiered Compilers"/>
    <property name="java.runtime.version" value="11.0.11+9-Ubuntu-0ubuntu2.20.04"/>
    <property name="user.name" value="dominik"/>
    <property name="path.separator" value=":"/>
    <property name="os.version" value="5.4.0-72-generic"/>
    <property name="java.runtime.name" value="OpenJDK Runtime Environment"/>
    <property name="file.encoding" value="UTF-8"/>
    <property name="java.vm.name" value="OpenJDK 64-Bit Server VM"/>
    <property name="localRepository" value="/home/dominik/.m2/repository"/>
    <property name="java.vendor.url.bug" value="https://bugs.launchpad.net/ubuntu/+source/openjdk-lts"/>
    <property name="java.io.tmpdir" value="/tmp"/>
    <property name="java.version" value="11.0.11"/>
    <property name="user.dir" value="/home/dominik/Konfigurationsmanagment/Calculator_20210503"/>
    <property name="os.arch" value="amd64"/>
    <property name="java.vm.specification.name" value="Java Virtual Machine Specification"/>
    <property name="java.awt.printerjob" value="sun.print.PSPrinterJob"/>
    <property name="sun.os.patch.level" value="unknown"/>
    <property name="java.library.path" value="/usr/java/packages/lib:/usr/lib/x86_64-linux-gnu/jni:/lib/x86_64-linux-gnu:/usr/lib/x86_64-linux-gnu:/usr/lib/jni:/lib:/usr/lib"/>
    <property name="java.vm.info" value="mixed mode, sharing"/>
    <property name="java.vendor" value="Ubuntu"/>
    <property name="java.vm.version" value="11.0.11+9-Ubuntu-0ubuntu2.20.04"/>
    <property name="sun.io.unicode.encoding" value="UnicodeLittle"/>
    <property name="java.class.version" value="55.0"/>
  </properties>
  <testcase name="testFaculty(int, int)[1]" classname="at.fhj.iit.CalculatorImplTest" time="0.069"/>
  <testcase name="testFaculty(int, int)[2]" classname="at.fhj.iit.CalculatorImplTest" time="0.001"/>
  <testcase name="testFaculty(int, int)[3]" classname="at.fhj.iit.CalculatorImplTest" time="0.001"/>
  <testcase name="testFaculty(int, int)[4]" classname="at.fhj.iit.CalculatorImplTest" time="0.001"/>
  <testcase name="testFaculty(int, int)[5]" classname="at.fhj.iit.CalculatorImplTest" time="0.001"/>
  <testcase name="testFaculty(int, int)[6]" classname="at.fhj.iit.CalculatorImplTest" time="0"/>
  <testcase name="testFaculty(int, int)[7]" classname="at.fhj.iit.CalculatorImplTest" time="0"/>
  <testcase name="testFaculty(int, int)[8]" classname="at.fhj.iit.CalculatorImplTest" time="0.001"/>
  <testcase name="testAdd(double, double, double)[1]" classname="at.fhj.iit.CalculatorImplTest" time="0.004"/>
  <testcase name="testAdd(double, double, double)[2]" classname="at.fhj.iit.CalculatorImplTest" time="0.001"/>
  <testcase name="testAdd(double, double, double)[3]" classname="at.fhj.iit.CalculatorImplTest" time="0.002"/>
  <testcase name="testAdd(double, double, double)[4]" classname="at.fhj.iit.CalculatorImplTest" time="0.001"/>
  <testcase name="testAdd(double, double, double)[5]" classname="at.fhj.iit.CalculatorImplTest" time="0.001"/>
  <testcase name="testAdd(double, double, double)[6]" classname="at.fhj.iit.CalculatorImplTest" time="0.001"/>
  <testcase name="testAdd(double, double, double)[7]" classname="at.fhj.iit.CalculatorImplTest" time="0.002"/>
  <testcase name="testMinus" classname="at.fhj.iit.CalculatorImplTest" time="0.001"/>
  <testcase name="testSumOfNaturalNumbers" classname="at.fhj.iit.CalculatorImplTest" time="0"/>
  <testcase name="testDivideWithZero" classname="at.fhj.iit.CalculatorImplTest" time="0.016"/>
  <testcase name="testDivide" classname="at.fhj.iit.CalculatorImplTest" time="0.001"/>
  <testcase name="testMultiply" classname="at.fhj.iit.CalculatorImplTest" time="0.001"/>
</testsuite>